2018-08-15 11:16:24 [org.springframework.boot.StartupInfoLogger:50] - Starting MybatisApplication on W39-390043 with PID 2416 (D:\IDEA_Project\Mybatis\target\classes started by 390766 in D:\IDEA_Project\Mybatis)
2018-08-15 11:16:24 [org.springframework.boot.SpringApplication:663] - The following profiles are active: dev
2018-08-15 11:16:24 [org.springframework.context.support.AbstractApplicationContext:590] - Refreshing org.springframework.boot.web.servlet.context.AnnotationConfigServletWebServerApplicationContext@6e171cd7: startup date [Wed Aug 15 11:16:24 CST 2018]; root of context hierarchy
2018-08-15 11:16:25 [org.springframework.boot.web.embedded.tomcat.TomcatWebServer:91] - Tomcat initialized with port(s): 8080 (http)
2018-08-15 11:16:25 [org.apache.juli.logging.DirectJDKLog:180] - Initializing ProtocolHandler ["http-nio-8080"]
2018-08-15 11:16:25 [org.apache.juli.logging.DirectJDKLog:180] - Starting service [Tomcat]
2018-08-15 11:16:25 [org.apache.juli.logging.DirectJDKLog:180] - Starting Servlet Engine: Apache Tomcat/8.5.31
2018-08-15 11:16:25 [org.apache.juli.logging.DirectJDKLog:180] - The APR based Apache Tomcat Native library which allows optimal performance in production environments was not found on the java.library.path: [E:\Java\jdk1.8.0_161\bin;C:\Windows\Sun\Java\bin;C:\Windows\system32;C:\Windows;E:\Java\jdk1.8.0_161\bin;E:\Java\jdk1.8.0_161\jre\bin;C:\ProgramData\Oracle\Java\javapath;C:\Windows\system32;C:\Windows;C:\Windows\System32\Wbem;C:\Windows\System32\WindowsPowerShell\v1.0\;G:\Windows7Master;E:\Git\cmd;E:\mysql-5.7.21-winx64\bin;E:\apache-maven-3.5.3\bin;D:\nodejs\;C:\Users\390766\AppData\Roaming\npm;.]
2018-08-15 11:16:25 [org.apache.juli.logging.DirectJDKLog:180] - Initializing Spring embedded WebApplicationContext
2018-08-15 11:16:25 [org.springframework.boot.web.servlet.context.ServletWebServerApplicationContext:285] - Root WebApplicationContext: initialization completed in 1142 ms
2018-08-15 11:16:25 [org.springframework.boot.web.servlet.ServletRegistrationBean:186] - Servlet dispatcherServlet mapped to [/]
2018-08-15 11:16:25 [org.springframework.boot.web.servlet.AbstractFilterRegistrationBean:245] - Mapping filter: 'characterEncodingFilter' to: [/*]
2018-08-15 11:16:25 [org.springframework.boot.web.servlet.AbstractFilterRegistrationBean:245] - Mapping filter: 'hiddenHttpMethodFilter' to: [/*]
2018-08-15 11:16:25 [org.springframework.boot.web.servlet.AbstractFilterRegistrationBean:245] - Mapping filter: 'httpPutFormContentFilter' to: [/*]
2018-08-15 11:16:25 [org.springframework.boot.web.servlet.AbstractFilterRegistrationBean:245] - Mapping filter: 'requestContextFilter' to: [/*]
2018-08-15 11:16:25 [org.springframework.web.servlet.handler.AbstractUrlHandlerMapping:373] - Mapped URL path [/**/favicon.ico] onto handler of type [class org.springframework.web.servlet.resource.ResourceHttpRequestHandler]
2018-08-15 11:16:26 [org.springframework.web.servlet.mvc.method.annotation.RequestMappingHandlerAdapter:574] - Looking for @ControllerAdvice: org.springframework.boot.web.servlet.context.AnnotationConfigServletWebServerApplicationContext@6e171cd7: startup date [Wed Aug 15 11:16:24 CST 2018]; root of context hierarchy
2018-08-15 11:16:26 [org.springframework.web.servlet.handler.AbstractHandlerMethodMapping$MappingRegistry:547] - Mapped "{[/test/update]}" onto public java.lang.String com.mybatis.controller.RestController.update()
2018-08-15 11:16:26 [org.springframework.web.servlet.handler.AbstractHandlerMethodMapping$MappingRegistry:547] - Mapped "{[/test/create]}" onto public java.lang.String com.mybatis.controller.RestController.create()
2018-08-15 11:16:26 [org.springframework.web.servlet.handler.AbstractHandlerMethodMapping$MappingRegistry:547] - Mapped "{[/test/insert]}" onto public java.lang.String com.mybatis.controller.RestController.insert()
2018-08-15 11:16:26 [org.springframework.web.servlet.handler.AbstractHandlerMethodMapping$MappingRegistry:547] - Mapped "{[/test/ok]}" onto public java.util.List<com.mybatis.entity.User> com.mybatis.controller.RestController.ok()
2018-08-15 11:16:26 [org.springframework.web.servlet.handler.AbstractHandlerMethodMapping$MappingRegistry:547] - Mapped "{[/test/batchinsert]}" onto public java.lang.String com.mybatis.controller.RestController.batchinsert()
2018-08-15 11:16:26 [org.springframework.web.servlet.handler.AbstractHandlerMethodMapping$MappingRegistry:547] - Mapped "{[/test/selectData]}" onto public java.util.List<com.mybatis.entity.User> com.mybatis.controller.RestController.selectData()
2018-08-15 11:16:26 [org.springframework.web.servlet.handler.AbstractHandlerMethodMapping$MappingRegistry:547] - Mapped "{[/test/multiParmQuery]}" onto public java.util.List<com.mybatis.entity.User> com.mybatis.controller.RestController.multiParmQuery()
2018-08-15 11:16:26 [org.springframework.web.servlet.handler.AbstractHandlerMethodMapping$MappingRegistry:547] - Mapped "{[/test/chooseQuery]}" onto public java.util.List<com.mybatis.entity.User> com.mybatis.controller.RestController.chooseQuery()
2018-08-15 11:16:26 [org.springframework.web.servlet.handler.AbstractHandlerMethodMapping$MappingRegistry:547] - Mapped "{[/test/mixquery]}" onto public java.util.List com.mybatis.controller.RestController.mixquery()
2018-08-15 11:16:26 [org.springframework.web.servlet.handler.AbstractHandlerMethodMapping$MappingRegistry:547] - Mapped "{[/test/resultmapquery]}" onto public java.util.List com.mybatis.controller.RestController.resultmapquery()
2018-08-15 11:16:26 [org.springframework.web.servlet.handler.AbstractHandlerMethodMapping$MappingRegistry:547] - Mapped "{[/test/OneToMulti]}" onto public java.util.List com.mybatis.controller.RestController.OneToMulti()
2018-08-15 11:16:26 [org.springframework.web.servlet.handler.AbstractHandlerMethodMapping$MappingRegistry:547] - Mapped "{[/test/UserToOrders]}" onto public java.util.List com.mybatis.controller.RestController.UserToOrders()
2018-08-15 11:16:26 [org.springframework.web.servlet.handler.AbstractHandlerMethodMapping$MappingRegistry:547] - Mapped "{[/test/UserToItem]}" onto public java.util.List com.mybatis.controller.RestController.UserToItem()
2018-08-15 11:16:26 [org.springframework.web.servlet.handler.AbstractHandlerMethodMapping$MappingRegistry:547] - Mapped "{[/test/OrderToUser]}" onto public java.util.List com.mybatis.controller.RestController.OrderToUser()
2018-08-15 11:16:26 [org.springframework.web.servlet.handler.AbstractHandlerMethodMapping$MappingRegistry:547] - Mapped "{[/error]}" onto public org.springframework.http.ResponseEntity<java.util.Map<java.lang.String, java.lang.Object>> org.springframework.boot.autoconfigure.web.servlet.error.BasicErrorController.error(javax.servlet.http.HttpServletRequest)
2018-08-15 11:16:26 [org.springframework.web.servlet.handler.AbstractHandlerMethodMapping$MappingRegistry:547] - Mapped "{[/error],produces=[text/html]}" onto public org.springframework.web.servlet.ModelAndView org.springframework.boot.autoconfigure.web.servlet.error.BasicErrorController.errorHtml(javax.servlet.http.HttpServletRequest,javax.servlet.http.HttpServletResponse)
2018-08-15 11:16:26 [org.springframework.web.servlet.handler.AbstractUrlHandlerMapping:373] - Mapped URL path [/webjars/**] onto handler of type [class org.springframework.web.servlet.resource.ResourceHttpRequestHandler]
2018-08-15 11:16:26 [org.springframework.web.servlet.handler.AbstractUrlHandlerMapping:373] - Mapped URL path [/**] onto handler of type [class org.springframework.web.servlet.resource.ResourceHttpRequestHandler]
2018-08-15 11:16:26 [org.springframework.jmx.export.MBeanExporter:433] - Registering beans for JMX exposure on startup
2018-08-15 11:16:26 [org.springframework.jmx.export.MBeanExporter:895] - Bean with name 'dataSource' has been autodetected for JMX exposure
2018-08-15 11:16:26 [org.springframework.jmx.export.MBeanExporter:668] - Located MBean 'dataSource': registering with JMX server as MBean [com.zaxxer.hikari:name=dataSource,type=HikariDataSource]
2018-08-15 11:16:26 [org.apache.juli.logging.DirectJDKLog:180] - Starting ProtocolHandler ["http-nio-8080"]
2018-08-15 11:16:26 [org.apache.juli.logging.DirectJDKLog:180] - Using a shared selector for servlet write/read
2018-08-15 11:16:26 [org.springframework.boot.web.embedded.tomcat.TomcatWebServer:206] - Tomcat started on port(s): 8080 (http) with context path ''
2018-08-15 11:16:26 [org.springframework.boot.StartupInfoLogger:59] - Started MybatisApplication in 2.984 seconds (JVM running for 4.009)
