2018-08-22 10:09:47 [org.springframework.boot.StartupInfoLogger:50] - Starting MybatisApplication on W39-390043 with PID 4932 (D:\IDEA_Project\Mybatis\target\classes started by 390766 in D:\IDEA_Project\Mybatis)
2018-08-22 10:09:47 [org.springframework.boot.SpringApplication:663] - The following profiles are active: dev
2018-08-22 10:09:47 [org.springframework.context.support.AbstractApplicationContext:590] - Refreshing org.springframework.boot.web.servlet.context.AnnotationConfigServletWebServerApplicationContext@dbf57b3: startup date [Wed Aug 22 10:09:47 CST 2018]; root of context hierarchy
2018-08-22 10:09:49 [org.springframework.boot.web.embedded.tomcat.TomcatWebServer:91] - Tomcat initialized with port(s): 8080 (http)
2018-08-22 10:09:49 [org.apache.juli.logging.DirectJDKLog:180] - Initializing ProtocolHandler ["http-nio-8080"]
2018-08-22 10:09:49 [org.apache.juli.logging.DirectJDKLog:180] - Starting service [Tomcat]
2018-08-22 10:09:49 [org.apache.juli.logging.DirectJDKLog:180] - Starting Servlet Engine: Apache Tomcat/8.5.31
2018-08-22 10:09:49 [org.apache.juli.logging.DirectJDKLog:180] - The APR based Apache Tomcat Native library which allows optimal performance in production environments was not found on the java.library.path: [E:\Java\jdk1.8.0_161\bin;C:\Windows\Sun\Java\bin;C:\Windows\system32;C:\Windows;E:\Java\jdk1.8.0_161\bin;E:\Java\jdk1.8.0_161\jre\bin;C:\ProgramData\Oracle\Java\javapath;C:\Windows\system32;C:\Windows;C:\Windows\System32\Wbem;C:\Windows\System32\WindowsPowerShell\v1.0\;G:\Windows7Master;E:\Git\cmd;E:\mysql-5.7.21-winx64\bin;E:\apache-maven-3.5.3\bin;D:\nodejs\;C:\Users\390766\AppData\Roaming\npm;.]
2018-08-22 10:09:50 [org.apache.juli.logging.DirectJDKLog:180] - Initializing Spring embedded WebApplicationContext
2018-08-22 10:09:50 [org.springframework.boot.web.servlet.context.ServletWebServerApplicationContext:285] - Root WebApplicationContext: initialization completed in 2434 ms
2018-08-22 10:09:50 [org.springframework.boot.web.servlet.ServletRegistrationBean:186] - Servlet dispatcherServlet mapped to [/]
2018-08-22 10:09:50 [org.springframework.boot.web.servlet.AbstractFilterRegistrationBean:245] - Mapping filter: 'characterEncodingFilter' to: [/*]
2018-08-22 10:09:50 [org.springframework.boot.web.servlet.AbstractFilterRegistrationBean:245] - Mapping filter: 'hiddenHttpMethodFilter' to: [/*]
2018-08-22 10:09:50 [org.springframework.boot.web.servlet.AbstractFilterRegistrationBean:245] - Mapping filter: 'httpPutFormContentFilter' to: [/*]
2018-08-22 10:09:50 [org.springframework.boot.web.servlet.AbstractFilterRegistrationBean:245] - Mapping filter: 'requestContextFilter' to: [/*]
2018-08-22 10:09:50 [org.springframework.context.support.AbstractApplicationContext:558] - Exception encountered during context initialization - cancelling refresh attempt: org.springframework.beans.factory.UnsatisfiedDependencyException: Error creating bean with name 'restController': Unsatisfied dependency expressed through field 'userMapper'; nested exception is org.springframework.beans.factory.UnsatisfiedDependencyException: Error creating bean with name 'userMapper' defined in file [D:\IDEA_Project\Mybatis\target\classes\com\mybatis\mapper\UserMapper.class]: Unsatisfied dependency expressed through bean property 'sqlSessionFactory'; nested exception is org.springframework.beans.factory.UnsatisfiedDependencyException: Error creating bean with name 'sqlSessionFactory' defined in class path resource [org/mybatis/spring/boot/autoconfigure/MybatisAutoConfiguration.class]: Unsatisfied dependency expressed through method 'sqlSessionFactory' parameter 0; nested exception is org.springframework.beans.factory.BeanCreationException: Error creating bean with name 'dataSource' defined in class path resource [org/springframework/boot/autoconfigure/jdbc/DataSourceConfiguration$Hikari.class]: Bean instantiation via factory method failed; nested exception is org.springframework.beans.BeanInstantiationException: Failed to instantiate [com.zaxxer.hikari.HikariDataSource]: Factory method 'dataSource' threw exception; nested exception is java.lang.IllegalStateException: Cannot load driver class: ${mysql.drivername}
2018-08-22 10:09:50 [org.apache.juli.logging.DirectJDKLog:180] - Stopping service [Tomcat]
2018-08-22 10:09:50 [org.springframework.boot.autoconfigure.logging.ConditionEvaluationReportLoggingListener:101] - 

Error starting ApplicationContext. To display the conditions report re-run your application with 'debug' enabled.
2018-08-22 10:09:50 [org.springframework.boot.SpringApplication:842] - Application run failed
org.springframework.beans.factory.UnsatisfiedDependencyException: Error creating bean with name 'restController': Unsatisfied dependency expressed through field 'userMapper'; nested exception is org.springframework.beans.factory.UnsatisfiedDependencyException: Error creating bean with name 'userMapper' defined in file [D:\IDEA_Project\Mybatis\target\classes\com\mybatis\mapper\UserMapper.class]: Unsatisfied dependency expressed through bean property 'sqlSessionFactory'; nested exception is org.springframework.beans.factory.UnsatisfiedDependencyException: Error creating bean with name 'sqlSessionFactory' defined in class path resource [org/mybatis/spring/boot/autoconfigure/MybatisAutoConfiguration.class]: Unsatisfied dependency expressed through method 'sqlSessionFactory' parameter 0; nested exception is org.springframework.beans.factory.BeanCreationException: Error creating bean with name 'dataSource' defined in class path resource [org/springframework/boot/autoconfigure/jdbc/DataSourceConfiguration$Hikari.class]: Bean instantiation via factory method failed; nested exception is org.springframework.beans.BeanInstantiationException: Failed to instantiate [com.zaxxer.hikari.HikariDataSource]: Factory method 'dataSource' threw exception; nested exception is java.lang.IllegalStateException: Cannot load driver class: ${mysql.drivername}
	at org.springframework.beans.factory.annotation.AutowiredAnnotationBeanPostProcessor$AutowiredFieldElement.inject(AutowiredAnnotationBeanPostProcessor.java:587)
	at org.springframework.beans.factory.annotation.InjectionMetadata.inject(InjectionMetadata.java:91)
	at org.springframework.beans.factory.annotation.AutowiredAnnotationBeanPostProcessor.postProcessPropertyValues(AutowiredAnnotationBeanPostProcessor.java:373)
	at org.springframework.beans.factory.support.AbstractAutowireCapableBeanFactory.populateBean(AbstractAutowireCapableBeanFactory.java:1350)
	at org.springframework.beans.factory.support.AbstractAutowireCapableBeanFactory.doCreateBean(AbstractAutowireCapableBeanFactory.java:580)
	at org.springframework.beans.factory.support.AbstractAutowireCapableBeanFactory.createBean(AbstractAutowireCapableBeanFactory.java:503)
	at org.springframework.beans.factory.support.AbstractBeanFactory.lambda$doGetBean$0(AbstractBeanFactory.java:317)
	at org.springframework.beans.factory.support.DefaultSingletonBeanRegistry.getSingleton(DefaultSingletonBeanRegistry.java:222)
	at org.springframework.beans.factory.support.AbstractBeanFactory.doGetBean(AbstractBeanFactory.java:315)
	at org.springframework.beans.factory.support.AbstractBeanFactory.getBean(AbstractBeanFactory.java:199)
	at org.springframework.beans.factory.support.DefaultListableBeanFactory.preInstantiateSingletons(DefaultListableBeanFactory.java:760)
	at org.springframework.context.support.AbstractApplicationContext.finishBeanFactoryInitialization(AbstractApplicationContext.java:869)
	at org.springframework.context.support.AbstractApplicationContext.refresh(AbstractApplicationContext.java:550)
	at org.springframework.boot.web.servlet.context.ServletWebServerApplicationContext.refresh(ServletWebServerApplicationContext.java:140)
	at org.springframework.boot.SpringApplication.refresh(SpringApplication.java:759)
	at org.springframework.boot.SpringApplication.refreshContext(SpringApplication.java:395)
	at org.springframework.boot.SpringApplication.run(SpringApplication.java:327)
	at org.springframework.boot.SpringApplication.run(SpringApplication.java:1255)
	at org.springframework.boot.SpringApplication.run(SpringApplication.java:1243)
	at com.mybatis.MybatisApplication.main(MybatisApplication.java:16)
Caused by: org.springframework.beans.factory.UnsatisfiedDependencyException: Error creating bean with name 'userMapper' defined in file [D:\IDEA_Project\Mybatis\target\classes\com\mybatis\mapper\UserMapper.class]: Unsatisfied dependency expressed through bean property 'sqlSessionFactory'; nested exception is org.springframework.beans.factory.UnsatisfiedDependencyException: Error creating bean with name 'sqlSessionFactory' defined in class path resource [org/mybatis/spring/boot/autoconfigure/MybatisAutoConfiguration.class]: Unsatisfied dependency expressed through method 'sqlSessionFactory' parameter 0; nested exception is org.springframework.beans.factory.BeanCreationException: Error creating bean with name 'dataSource' defined in class path resource [org/springframework/boot/autoconfigure/jdbc/DataSourceConfiguration$Hikari.class]: Bean instantiation via factory method failed; nested exception is org.springframework.beans.BeanInstantiationException: Failed to instantiate [com.zaxxer.hikari.HikariDataSource]: Factory method 'dataSource' threw exception; nested exception is java.lang.IllegalStateException: Cannot load driver class: ${mysql.drivername}
	at org.springframework.beans.factory.support.AbstractAutowireCapableBeanFactory.autowireByType(AbstractAutowireCapableBeanFactory.java:1445)
	at org.springframework.beans.factory.support.AbstractAutowireCapableBeanFactory.populateBean(AbstractAutowireCapableBeanFactory.java:1332)
	at org.springframework.beans.factory.support.AbstractAutowireCapableBeanFactory.doCreateBean(AbstractAutowireCapableBeanFactory.java:580)
	at org.springframework.beans.factory.support.AbstractAutowireCapableBeanFactory.createBean(AbstractAutowireCapableBeanFactory.java:503)
	at org.springframework.beans.factory.support.AbstractBeanFactory.lambda$doGetBean$0(AbstractBeanFactory.java:317)
	at org.springframework.beans.factory.support.DefaultSingletonBeanRegistry.getSingleton(DefaultSingletonBeanRegistry.java:222)
	at org.springframework.beans.factory.support.AbstractBeanFactory.doGetBean(AbstractBeanFactory.java:315)
	at org.springframework.beans.factory.support.AbstractBeanFactory.getBean(AbstractBeanFactory.java:199)
	at org.springframework.beans.factory.config.DependencyDescriptor.resolveCandidate(DependencyDescriptor.java:251)
	at org.springframework.beans.factory.support.DefaultListableBeanFactory.doResolveDependency(DefaultListableBeanFactory.java:1138)
	at org.springframework.beans.factory.support.DefaultListableBeanFactory.resolveDependency(DefaultListableBeanFactory.java:1065)
	at org.springframework.beans.factory.annotation.AutowiredAnnotationBeanPostProcessor$AutowiredFieldElement.inject(AutowiredAnnotationBeanPostProcessor.java:584)
	... 19 common frames omitted
Caused by: org.springframework.beans.factory.UnsatisfiedDependencyException: Error creating bean with name 'sqlSessionFactory' defined in class path resource [org/mybatis/spring/boot/autoconfigure/MybatisAutoConfiguration.class]: Unsatisfied dependency expressed through method 'sqlSessionFactory' parameter 0; nested exception is org.springframework.beans.factory.BeanCreationException: Error creating bean with name 'dataSource' defined in class path resource [org/springframework/boot/autoconfigure/jdbc/DataSourceConfiguration$Hikari.class]: Bean instantiation via factory method failed; nested exception is org.springframework.beans.BeanInstantiationException: Failed to instantiate [com.zaxxer.hikari.HikariDataSource]: Factory method 'dataSource' threw exception; nested exception is java.lang.IllegalStateException: Cannot load driver class: ${mysql.drivername}
	at org.springframework.beans.factory.support.ConstructorResolver.createArgumentArray(ConstructorResolver.java:732)
	at org.springframework.beans.factory.support.ConstructorResolver.instantiateUsingFactoryMethod(ConstructorResolver.java:474)
	at org.springframework.beans.factory.support.AbstractAutowireCapableBeanFactory.instantiateUsingFactoryMethod(AbstractAutowireCapableBeanFactory.java:1256)
	at org.springframework.beans.factory.support.AbstractAutowireCapableBeanFactory.createBeanInstance(AbstractAutowireCapableBeanFactory.java:1105)
	at org.springframework.beans.factory.support.AbstractAutowireCapableBeanFactory.doCreateBean(AbstractAutowireCapableBeanFactory.java:543)
	at org.springframework.beans.factory.support.AbstractAutowireCapableBeanFactory.createBean(AbstractAutowireCapableBeanFactory.java:503)
	at org.springframework.beans.factory.support.AbstractBeanFactory.lambda$doGetBean$0(AbstractBeanFactory.java:317)
	at org.springframework.beans.factory.support.DefaultSingletonBeanRegistry.getSingleton(DefaultSingletonBeanRegistry.java:222)
	at org.springframework.beans.factory.support.AbstractBeanFactory.doGetBean(AbstractBeanFactory.java:315)
	at org.springframework.beans.factory.support.AbstractBeanFactory.getBean(AbstractBeanFactory.java:199)
	at org.springframework.beans.factory.config.DependencyDescriptor.resolveCandidate(DependencyDescriptor.java:251)
	at org.springframework.beans.factory.support.DefaultListableBeanFactory.doResolveDependency(DefaultListableBeanFactory.java:1138)
	at org.springframework.beans.factory.support.DefaultListableBeanFactory.resolveDependency(DefaultListableBeanFactory.java:1065)
	at org.springframework.beans.factory.support.AbstractAutowireCapableBeanFactory.autowireByType(AbstractAutowireCapableBeanFactory.java:1430)
	... 30 common frames omitted
Caused by: org.springframework.beans.factory.BeanCreationException: Error creating bean with name 'dataSource' defined in class path resource [org/springframework/boot/autoconfigure/jdbc/DataSourceConfiguration$Hikari.class]: Bean instantiation via factory method failed; nested exception is org.springframework.beans.BeanInstantiationException: Failed to instantiate [com.zaxxer.hikari.HikariDataSource]: Factory method 'dataSource' threw exception; nested exception is java.lang.IllegalStateException: Cannot load driver class: ${mysql.drivername}
	at org.springframework.beans.factory.support.ConstructorResolver.instantiateUsingFactoryMethod(ConstructorResolver.java:590)
	at org.springframework.beans.factory.support.AbstractAutowireCapableBeanFactory.instantiateUsingFactoryMethod(AbstractAutowireCapableBeanFactory.java:1256)
	at org.springframework.beans.factory.support.AbstractAutowireCapableBeanFactory.createBeanInstance(AbstractAutowireCapableBeanFactory.java:1105)
	at org.springframework.beans.factory.support.AbstractAutowireCapableBeanFactory.doCreateBean(AbstractAutowireCapableBeanFactory.java:543)
	at org.springframework.beans.factory.support.AbstractAutowireCapableBeanFactory.createBean(AbstractAutowireCapableBeanFactory.java:503)
	at org.springframework.beans.factory.support.AbstractBeanFactory.lambda$doGetBean$0(AbstractBeanFactory.java:317)
	at org.springframework.beans.factory.support.DefaultSingletonBeanRegistry.getSingleton(DefaultSingletonBeanRegistry.java:222)
	at org.springframework.beans.factory.support.AbstractBeanFactory.doGetBean(AbstractBeanFactory.java:315)
	at org.springframework.beans.factory.support.AbstractBeanFactory.getBean(AbstractBeanFactory.java:199)
	at org.springframework.beans.factory.config.DependencyDescriptor.resolveCandidate(DependencyDescriptor.java:251)
	at org.springframework.beans.factory.support.DefaultListableBeanFactory.doResolveDependency(DefaultListableBeanFactory.java:1138)
	at org.springframework.beans.factory.support.DefaultListableBeanFactory.resolveDependency(DefaultListableBeanFactory.java:1065)
	at org.springframework.beans.factory.support.ConstructorResolver.resolveAutowiredArgument(ConstructorResolver.java:818)
	at org.springframework.beans.factory.support.ConstructorResolver.createArgumentArray(ConstructorResolver.java:724)
	... 43 common frames omitted
Caused by: org.springframework.beans.BeanInstantiationException: Failed to instantiate [com.zaxxer.hikari.HikariDataSource]: Factory method 'dataSource' threw exception; nested exception is java.lang.IllegalStateException: Cannot load driver class: ${mysql.drivername}
	at org.springframework.beans.factory.support.SimpleInstantiationStrategy.instantiate(SimpleInstantiationStrategy.java:185)
	at org.springframework.beans.factory.support.ConstructorResolver.instantiateUsingFactoryMethod(ConstructorResolver.java:582)
	... 56 common frames omitted
Caused by: java.lang.IllegalStateException: Cannot load driver class: ${mysql.drivername}
	at org.springframework.util.Assert.state(Assert.java:94)
	at org.springframework.boot.autoconfigure.jdbc.DataSourceProperties.determineDriverClassName(DataSourceProperties.java:224)
	at org.springframework.boot.autoconfigure.jdbc.DataSourceProperties.initializeDataSourceBuilder(DataSourceProperties.java:176)
	at org.springframework.boot.autoconfigure.jdbc.DataSourceConfiguration.createDataSource(DataSourceConfiguration.java:43)
	at org.springframework.boot.autoconfigure.jdbc.DataSourceConfiguration$Hikari.dataSource(DataSourceConfiguration.java:81)
	at sun.reflect.NativeMethodAccessorImpl.invoke0(Native Method)
	at sun.reflect.NativeMethodAccessorImpl.invoke(NativeMethodAccessorImpl.java:62)
	at sun.reflect.DelegatingMethodAccessorImpl.invoke(DelegatingMethodAccessorImpl.java:43)
	at java.lang.reflect.Method.invoke(Method.java:498)
	at org.springframework.beans.factory.support.SimpleInstantiationStrategy.instantiate(SimpleInstantiationStrategy.java:154)
	... 57 common frames omitted
2018-08-22 11:02:41 [org.springframework.boot.StartupInfoLogger:50] - Starting MybatisApplication on W39-390043 with PID 8692 (D:\IDEA_Project\Mybatis\target\classes started by 390766 in D:\IDEA_Project\Mybatis)
2018-08-22 11:02:41 [org.springframework.boot.SpringApplication:663] - The following profiles are active: dev
2018-08-22 11:02:41 [org.springframework.context.support.AbstractApplicationContext:590] - Refreshing org.springframework.boot.web.servlet.context.AnnotationConfigServletWebServerApplicationContext@52e6fdee: startup date [Wed Aug 22 11:02:41 CST 2018]; root of context hierarchy
2018-08-22 11:02:42 [org.springframework.boot.web.embedded.tomcat.TomcatWebServer:91] - Tomcat initialized with port(s): 8080 (http)
2018-08-22 11:02:42 [org.apache.juli.logging.DirectJDKLog:180] - Initializing ProtocolHandler ["http-nio-8080"]
2018-08-22 11:02:42 [org.apache.juli.logging.DirectJDKLog:180] - Starting service [Tomcat]
2018-08-22 11:02:42 [org.apache.juli.logging.DirectJDKLog:180] - Starting Servlet Engine: Apache Tomcat/8.5.31
2018-08-22 11:02:42 [org.apache.juli.logging.DirectJDKLog:180] - The APR based Apache Tomcat Native library which allows optimal performance in production environments was not found on the java.library.path: [E:\Java\jdk1.8.0_161\bin;C:\Windows\Sun\Java\bin;C:\Windows\system32;C:\Windows;E:\Java\jdk1.8.0_161\bin;E:\Java\jdk1.8.0_161\jre\bin;C:\ProgramData\Oracle\Java\javapath;C:\Windows\system32;C:\Windows;C:\Windows\System32\Wbem;C:\Windows\System32\WindowsPowerShell\v1.0\;G:\Windows7Master;E:\Git\cmd;E:\mysql-5.7.21-winx64\bin;E:\apache-maven-3.5.3\bin;D:\nodejs\;C:\Users\390766\AppData\Roaming\npm;.]
2018-08-22 11:02:42 [org.apache.juli.logging.DirectJDKLog:180] - Initializing Spring embedded WebApplicationContext
2018-08-22 11:02:42 [org.springframework.boot.web.servlet.context.ServletWebServerApplicationContext:285] - Root WebApplicationContext: initialization completed in 1173 ms
2018-08-22 11:02:42 [org.springframework.boot.web.servlet.ServletRegistrationBean:186] - Servlet dispatcherServlet mapped to [/]
2018-08-22 11:02:42 [org.springframework.boot.web.servlet.AbstractFilterRegistrationBean:245] - Mapping filter: 'characterEncodingFilter' to: [/*]
2018-08-22 11:02:42 [org.springframework.boot.web.servlet.AbstractFilterRegistrationBean:245] - Mapping filter: 'hiddenHttpMethodFilter' to: [/*]
2018-08-22 11:02:42 [org.springframework.boot.web.servlet.AbstractFilterRegistrationBean:245] - Mapping filter: 'httpPutFormContentFilter' to: [/*]
2018-08-22 11:02:42 [org.springframework.boot.web.servlet.AbstractFilterRegistrationBean:245] - Mapping filter: 'requestContextFilter' to: [/*]
2018-08-22 11:02:43 [org.springframework.web.servlet.handler.AbstractUrlHandlerMapping:373] - Mapped URL path [/**/favicon.ico] onto handler of type [class org.springframework.web.servlet.resource.ResourceHttpRequestHandler]
2018-08-22 11:02:43 [org.springframework.web.servlet.mvc.method.annotation.RequestMappingHandlerAdapter:574] - Looking for @ControllerAdvice: org.springframework.boot.web.servlet.context.AnnotationConfigServletWebServerApplicationContext@52e6fdee: startup date [Wed Aug 22 11:02:41 CST 2018]; root of context hierarchy
2018-08-22 11:02:43 [org.springframework.web.servlet.handler.AbstractHandlerMethodMapping$MappingRegistry:547] - Mapped "{[/mybatis/update]}" onto public java.lang.String com.mybatis.controller.RestController.update()
2018-08-22 11:02:43 [org.springframework.web.servlet.handler.AbstractHandlerMethodMapping$MappingRegistry:547] - Mapped "{[/mybatis/create]}" onto public java.lang.String com.mybatis.controller.RestController.create()
2018-08-22 11:02:43 [org.springframework.web.servlet.handler.AbstractHandlerMethodMapping$MappingRegistry:547] - Mapped "{[/mybatis/insert]}" onto public java.lang.String com.mybatis.controller.RestController.insert()
2018-08-22 11:02:43 [org.springframework.web.servlet.handler.AbstractHandlerMethodMapping$MappingRegistry:547] - Mapped "{[/mybatis/ok]}" onto public java.util.List<com.mybatis.entity.User> com.mybatis.controller.RestController.ok()
2018-08-22 11:02:43 [org.springframework.web.servlet.handler.AbstractHandlerMethodMapping$MappingRegistry:547] - Mapped "{[/mybatis/batchinsert]}" onto public java.lang.String com.mybatis.controller.RestController.batchinsert()
2018-08-22 11:02:43 [org.springframework.web.servlet.handler.AbstractHandlerMethodMapping$MappingRegistry:547] - Mapped "{[/mybatis/selectData]}" onto public java.util.List<com.mybatis.entity.User> com.mybatis.controller.RestController.selectData()
2018-08-22 11:02:43 [org.springframework.web.servlet.handler.AbstractHandlerMethodMapping$MappingRegistry:547] - Mapped "{[/mybatis/multiParmQuery]}" onto public java.util.List<com.mybatis.entity.User> com.mybatis.controller.RestController.multiParmQuery()
2018-08-22 11:02:43 [org.springframework.web.servlet.handler.AbstractHandlerMethodMapping$MappingRegistry:547] - Mapped "{[/mybatis/chooseQuery]}" onto public java.util.List<com.mybatis.entity.User> com.mybatis.controller.RestController.chooseQuery()
2018-08-22 11:02:43 [org.springframework.web.servlet.handler.AbstractHandlerMethodMapping$MappingRegistry:547] - Mapped "{[/mybatis/mixquery]}" onto public java.util.List com.mybatis.controller.RestController.mixquery()
2018-08-22 11:02:43 [org.springframework.web.servlet.handler.AbstractHandlerMethodMapping$MappingRegistry:547] - Mapped "{[/mybatis/resultmapquery]}" onto public java.util.List com.mybatis.controller.RestController.resultmapquery()
2018-08-22 11:02:43 [org.springframework.web.servlet.handler.AbstractHandlerMethodMapping$MappingRegistry:547] - Mapped "{[/mybatis/OneToMulti]}" onto public java.util.List com.mybatis.controller.RestController.OneToMulti()
2018-08-22 11:02:43 [org.springframework.web.servlet.handler.AbstractHandlerMethodMapping$MappingRegistry:547] - Mapped "{[/mybatis/UserToOrders]}" onto public java.util.List com.mybatis.controller.RestController.UserToOrders()
2018-08-22 11:02:43 [org.springframework.web.servlet.handler.AbstractHandlerMethodMapping$MappingRegistry:547] - Mapped "{[/mybatis/UserToItem]}" onto public java.util.List com.mybatis.controller.RestController.UserToItem()
2018-08-22 11:02:43 [org.springframework.web.servlet.handler.AbstractHandlerMethodMapping$MappingRegistry:547] - Mapped "{[/mybatis/OrderToUser]}" onto public java.util.List com.mybatis.controller.RestController.OrderToUser()
2018-08-22 11:02:43 [org.springframework.web.servlet.handler.AbstractHandlerMethodMapping$MappingRegistry:547] - Mapped "{[/error]}" onto public org.springframework.http.ResponseEntity<java.util.Map<java.lang.String, java.lang.Object>> org.springframework.boot.autoconfigure.web.servlet.error.BasicErrorController.error(javax.servlet.http.HttpServletRequest)
2018-08-22 11:02:43 [org.springframework.web.servlet.handler.AbstractHandlerMethodMapping$MappingRegistry:547] - Mapped "{[/error],produces=[text/html]}" onto public org.springframework.web.servlet.ModelAndView org.springframework.boot.autoconfigure.web.servlet.error.BasicErrorController.errorHtml(javax.servlet.http.HttpServletRequest,javax.servlet.http.HttpServletResponse)
2018-08-22 11:02:43 [org.springframework.web.servlet.handler.AbstractUrlHandlerMapping:373] - Mapped URL path [/webjars/**] onto handler of type [class org.springframework.web.servlet.resource.ResourceHttpRequestHandler]
2018-08-22 11:02:43 [org.springframework.web.servlet.handler.AbstractUrlHandlerMapping:373] - Mapped URL path [/**] onto handler of type [class org.springframework.web.servlet.resource.ResourceHttpRequestHandler]
2018-08-22 11:02:44 [org.springframework.jmx.export.MBeanExporter:433] - Registering beans for JMX exposure on startup
2018-08-22 11:02:44 [org.springframework.jmx.export.MBeanExporter:895] - Bean with name 'dataSource' has been autodetected for JMX exposure
2018-08-22 11:02:44 [org.springframework.jmx.export.MBeanExporter:668] - Located MBean 'dataSource': registering with JMX server as MBean [com.zaxxer.hikari:name=dataSource,type=HikariDataSource]
2018-08-22 11:02:44 [org.apache.juli.logging.DirectJDKLog:180] - Starting ProtocolHandler ["http-nio-8080"]
2018-08-22 11:02:44 [org.apache.juli.logging.DirectJDKLog:180] - Using a shared selector for servlet write/read
2018-08-22 11:02:44 [org.springframework.boot.web.embedded.tomcat.TomcatWebServer:206] - Tomcat started on port(s): 8080 (http) with context path ''
2018-08-22 11:02:44 [org.springframework.boot.StartupInfoLogger:59] - Started MybatisApplication in 3.286 seconds (JVM running for 3.943)
